{"/Users/rujabhatta/webAPI/demos/app.js": {"path":"/Users/rujabhatta/webAPI/demos/app.js","statementMap":{"0":{"start":{"line":1,"column":0},"end":{"line":1,"column":26}},"1":{"start":{"line":2,"column":15},"end":{"line":2,"column":33}},"2":{"start":{"line":3,"column":11},"end":{"line":3,"column":26}},"3":{"start":{"line":4,"column":13},"end":{"line":4,"column":32}},"4":{"start":{"line":5,"column":15},"end":{"line":5,"column":34}},"5":{"start":{"line":7,"column":11},"end":{"line":7,"column":26}},"6":{"start":{"line":8,"column":18},"end":{"line":8,"column":50}},"7":{"start":{"line":9,"column":22},"end":{"line":9,"column":57}},"8":{"start":{"line":10,"column":13},"end":{"line":10,"column":41}},"9":{"start":{"line":11,"column":20},"end":{"line":11,"column":51}},"10":{"start":{"line":12,"column":23},"end":{"line":12,"column":57}},"11":{"start":{"line":14,"column":10},"end":{"line":14,"column":19}},"12":{"start":{"line":15,"column":0},"end":{"line":15,"column":15}},"13":{"start":{"line":19,"column":14},"end":{"line":21,"column":23}},"14":{"start":{"line":23,"column":4},"end":{"line":23,"column":23}},"15":{"start":{"line":25,"column":0},"end":{"line":28,"column":37}},"16":{"start":{"line":27,"column":8},"end":{"line":27,"column":50}},"17":{"start":{"line":28,"column":20},"end":{"line":28,"column":36}},"18":{"start":{"line":31,"column":0},"end":{"line":36,"column":2}},"19":{"start":{"line":32,"column":4},"end":{"line":32,"column":44}},"20":{"start":{"line":33,"column":4},"end":{"line":33,"column":44}},"21":{"start":{"line":34,"column":4},"end":{"line":34,"column":10}},"22":{"start":{"line":38,"column":0},"end":{"line":38,"column":23}},"23":{"start":{"line":42,"column":0},"end":{"line":45,"column":2}},"24":{"start":{"line":43,"column":4},"end":{"line":43,"column":59}},"25":{"start":{"line":47,"column":0},"end":{"line":47,"column":28}},"26":{"start":{"line":48,"column":0},"end":{"line":48,"column":24}},"27":{"start":{"line":49,"column":0},"end":{"line":49,"column":52}},"28":{"start":{"line":50,"column":0},"end":{"line":50,"column":29}},"29":{"start":{"line":51,"column":0},"end":{"line":51,"column":37}},"30":{"start":{"line":56,"column":0},"end":{"line":60,"column":2}},"31":{"start":{"line":57,"column":4},"end":{"line":57,"column":26}},"32":{"start":{"line":58,"column":4},"end":{"line":58,"column":45}},"33":{"start":{"line":58,"column":30},"end":{"line":58,"column":45}},"34":{"start":{"line":59,"column":4},"end":{"line":59,"column":46}},"35":{"start":{"line":80,"column":0},"end":{"line":80,"column":18}}},"fnMap":{"0":{"name":"(anonymous_0)","decl":{"start":{"line":26,"column":10},"end":{"line":26,"column":11}},"loc":{"start":{"line":26,"column":14},"end":{"line":28,"column":5}},"line":26},"1":{"name":"(anonymous_1)","decl":{"start":{"line":28,"column":13},"end":{"line":28,"column":14}},"loc":{"start":{"line":28,"column":20},"end":{"line":28,"column":36}},"line":28},"2":{"name":"(anonymous_2)","decl":{"start":{"line":31,"column":8},"end":{"line":31,"column":9}},"loc":{"start":{"line":31,"column":26},"end":{"line":36,"column":1}},"line":31},"3":{"name":"(anonymous_3)","decl":{"start":{"line":42,"column":29},"end":{"line":42,"column":30}},"loc":{"start":{"line":42,"column":40},"end":{"line":45,"column":1}},"line":42},"4":{"name":"(anonymous_4)","decl":{"start":{"line":56,"column":8},"end":{"line":56,"column":9}},"loc":{"start":{"line":56,"column":32},"end":{"line":60,"column":1}},"line":56}},"branchMap":{"0":{"loc":{"start":{"line":19,"column":14},"end":{"line":21,"column":23}},"type":"cond-expr","locations":[{"start":{"line":20,"column":6},"end":{"line":20,"column":29}},{"start":{"line":21,"column":5},"end":{"line":21,"column":23}}],"line":19},"1":{"loc":{"start":{"line":58,"column":4},"end":{"line":58,"column":45}},"type":"if","locations":[{"start":{"line":58,"column":4},"end":{"line":58,"column":45}},{"start":{},"end":{}}],"line":58}},"s":{"0":1,"1":1,"2":1,"3":1,"4":1,"5":1,"6":1,"7":1,"8":1,"9":1,"10":1,"11":1,"12":1,"13":1,"14":1,"15":1,"16":1,"17":0,"18":1,"19":2,"20":2,"21":2,"22":1,"23":1,"24":0,"25":1,"26":1,"27":1,"28":1,"29":1,"30":1,"31":0,"32":0,"33":0,"34":0,"35":1},"f":{"0":1,"1":0,"2":2,"3":0,"4":0},"b":{"0":[1,0],"1":[0,0]},"_coverageSchema":"1a1c01bbd47fc00a2c39e90264f33305004495a9","hash":"f4e413edb880dcf4645e9e395a9d628ebf2a3527"}
,"/Users/rujabhatta/webAPI/demos/logger.js": {"path":"/Users/rujabhatta/webAPI/demos/logger.js","statementMap":{"0":{"start":{"line":3,"column":17},"end":{"line":3,"column":36}},"1":{"start":{"line":4,"column":19},"end":{"line":4,"column":34}},"2":{"start":{"line":5,"column":11},"end":{"line":5,"column":24}},"3":{"start":{"line":6,"column":13},"end":{"line":6,"column":28}},"4":{"start":{"line":9,"column":22},"end":{"line":13,"column":1}},"5":{"start":{"line":10,"column":21},"end":{"line":10,"column":68}},"6":{"start":{"line":11,"column":4},"end":{"line":11,"column":45}},"7":{"start":{"line":17,"column":20},"end":{"line":29,"column":1}},"8":{"start":{"line":18,"column":4},"end":{"line":23,"column":1}},"9":{"start":{"line":19,"column":8},"end":{"line":21,"column":6}},"10":{"start":{"line":20,"column":12},"end":{"line":20,"column":37}},"11":{"start":{"line":20,"column":21},"end":{"line":20,"column":37}},"12":{"start":{"line":25,"column":4},"end":{"line":28,"column":2}},"13":{"start":{"line":27,"column":8},"end":{"line":27,"column":33}},"14":{"start":{"line":27,"column":17},"end":{"line":27,"column":33}},"15":{"start":{"line":31,"column":1},"end":{"line":31,"column":41}},"16":{"start":{"line":34,"column":12},"end":{"line":34,"column":52}},"17":{"start":{"line":34,"column":21},"end":{"line":34,"column":52}},"18":{"start":{"line":35,"column":0},"end":{"line":35,"column":22}}},"fnMap":{"0":{"name":"(anonymous_0)","decl":{"start":{"line":9,"column":22},"end":{"line":9,"column":23}},"loc":{"start":{"line":9,"column":31},"end":{"line":13,"column":1}},"line":9},"1":{"name":"(anonymous_1)","decl":{"start":{"line":17,"column":20},"end":{"line":17,"column":21}},"loc":{"start":{"line":17,"column":32},"end":{"line":29,"column":1}},"line":17},"2":{"name":"(anonymous_2)","decl":{"start":{"line":19,"column":46},"end":{"line":19,"column":47}},"loc":{"start":{"line":19,"column":55},"end":{"line":21,"column":5}},"line":19},"3":{"name":"(anonymous_3)","decl":{"start":{"line":26,"column":14},"end":{"line":26,"column":15}},"loc":{"start":{"line":26,"column":23},"end":{"line":28,"column":1}},"line":26},"4":{"name":"(anonymous_4)","decl":{"start":{"line":34,"column":12},"end":{"line":34,"column":13}},"loc":{"start":{"line":34,"column":21},"end":{"line":34,"column":52}},"line":34}},"branchMap":{"0":{"loc":{"start":{"line":18,"column":4},"end":{"line":23,"column":1}},"type":"if","locations":[{"start":{"line":18,"column":4},"end":{"line":23,"column":1}},{"start":{},"end":{}}],"line":18},"1":{"loc":{"start":{"line":20,"column":12},"end":{"line":20,"column":37}},"type":"if","locations":[{"start":{"line":20,"column":12},"end":{"line":20,"column":37}},{"start":{},"end":{}}],"line":20},"2":{"loc":{"start":{"line":27,"column":8},"end":{"line":27,"column":33}},"type":"if","locations":[{"start":{"line":27,"column":8},"end":{"line":27,"column":33}},{"start":{},"end":{}}],"line":27}},"s":{"0":1,"1":1,"2":1,"3":1,"4":1,"5":3,"6":3,"7":1,"8":3,"9":0,"10":0,"11":0,"12":3,"13":3,"14":0,"15":1,"16":1,"17":2,"18":1},"f":{"0":3,"1":3,"2":0,"3":3,"4":2},"b":{"0":[0,3],"1":[0,0],"2":[0,3]},"_coverageSchema":"1a1c01bbd47fc00a2c39e90264f33305004495a9","hash":"bebb12b4ec84be92510dbd7f9dce5a0a4a8e1afa"}
,"/Users/rujabhatta/webAPI/demos/controllers/books_controller.js": {"path":"/Users/rujabhatta/webAPI/demos/controllers/books_controller.js","statementMap":{"0":{"start":{"line":3,"column":11},"end":{"line":3,"column":36}},"1":{"start":{"line":4,"column":17},"end":{"line":4,"column":46}},"2":{"start":{"line":6,"column":18},"end":{"line":13,"column":1}},"3":{"start":{"line":7,"column":4},"end":{"line":10,"column":30}},"4":{"start":{"line":9,"column":8},"end":{"line":9,"column":23}},"5":{"start":{"line":10,"column":20},"end":{"line":10,"column":29}},"6":{"start":{"line":15,"column":17},"end":{"line":35,"column":1}},"7":{"start":{"line":16,"column":9},"end":{"line":20,"column":1}},"8":{"start":{"line":22,"column":4},"end":{"line":25,"column":34}},"9":{"start":{"line":24,"column":12},"end":{"line":24,"column":38}},"10":{"start":{"line":25,"column":24},"end":{"line":25,"column":33}},"11":{"start":{"line":38,"column":14},"end":{"line":40,"column":5}},"12":{"start":{"line":39,"column":4},"end":{"line":39,"column":63}},"13":{"start":{"line":41,"column":17},"end":{"line":46,"column":1}},"14":{"start":{"line":42,"column":4},"end":{"line":45,"column":18}},"15":{"start":{"line":44,"column":8},"end":{"line":44,"column":23}},"16":{"start":{"line":47,"column":14},"end":{"line":57,"column":1}},"17":{"start":{"line":48,"column":4},"end":{"line":52,"column":18}},"18":{"start":{"line":51,"column":8},"end":{"line":51,"column":22}},"19":{"start":{"line":59,"column":18},"end":{"line":68,"column":1}},"20":{"start":{"line":61,"column":4},"end":{"line":67,"column":18}},"21":{"start":{"line":65,"column":8},"end":{"line":65,"column":22}},"22":{"start":{"line":80,"column":18},"end":{"line":83,"column":1}},"23":{"start":{"line":81,"column":4},"end":{"line":81,"column":57}},"24":{"start":{"line":81,"column":34},"end":{"line":81,"column":56}},"25":{"start":{"line":82,"column":4},"end":{"line":82,"column":22}},"26":{"start":{"line":86,"column":0},"end":{"line":89,"column":1}}},"fnMap":{"0":{"name":"(anonymous_0)","decl":{"start":{"line":6,"column":18},"end":{"line":6,"column":19}},"loc":{"start":{"line":6,"column":35},"end":{"line":13,"column":1}},"line":6},"1":{"name":"(anonymous_1)","decl":{"start":{"line":8,"column":10},"end":{"line":8,"column":11}},"loc":{"start":{"line":8,"column":19},"end":{"line":10,"column":5}},"line":8},"2":{"name":"(anonymous_2)","decl":{"start":{"line":10,"column":13},"end":{"line":10,"column":14}},"loc":{"start":{"line":10,"column":20},"end":{"line":10,"column":29}},"line":10},"3":{"name":"(anonymous_3)","decl":{"start":{"line":15,"column":17},"end":{"line":15,"column":18}},"loc":{"start":{"line":15,"column":33},"end":{"line":35,"column":1}},"line":15},"4":{"name":"(anonymous_4)","decl":{"start":{"line":23,"column":14},"end":{"line":23,"column":15}},"loc":{"start":{"line":23,"column":22},"end":{"line":25,"column":9}},"line":23},"5":{"name":"(anonymous_5)","decl":{"start":{"line":25,"column":17},"end":{"line":25,"column":18}},"loc":{"start":{"line":25,"column":24},"end":{"line":25,"column":33}},"line":25},"6":{"name":"(anonymous_6)","decl":{"start":{"line":38,"column":14},"end":{"line":38,"column":15}},"loc":{"start":{"line":38,"column":26},"end":{"line":40,"column":5}},"line":38},"7":{"name":"(anonymous_7)","decl":{"start":{"line":41,"column":17},"end":{"line":41,"column":18}},"loc":{"start":{"line":41,"column":34},"end":{"line":46,"column":1}},"line":41},"8":{"name":"(anonymous_8)","decl":{"start":{"line":43,"column":10},"end":{"line":43,"column":11}},"loc":{"start":{"line":43,"column":19},"end":{"line":45,"column":5}},"line":43},"9":{"name":"(anonymous_9)","decl":{"start":{"line":47,"column":14},"end":{"line":47,"column":15}},"loc":{"start":{"line":47,"column":32},"end":{"line":57,"column":1}},"line":47},"10":{"name":"(anonymous_10)","decl":{"start":{"line":50,"column":10},"end":{"line":50,"column":11}},"loc":{"start":{"line":50,"column":18},"end":{"line":52,"column":5}},"line":50},"11":{"name":"(anonymous_11)","decl":{"start":{"line":59,"column":18},"end":{"line":59,"column":19}},"loc":{"start":{"line":59,"column":35},"end":{"line":68,"column":1}},"line":59},"12":{"name":"(anonymous_12)","decl":{"start":{"line":63,"column":10},"end":{"line":63,"column":11}},"loc":{"start":{"line":63,"column":18},"end":{"line":67,"column":5}},"line":63},"13":{"name":"(anonymous_13)","decl":{"start":{"line":80,"column":18},"end":{"line":80,"column":19}},"loc":{"start":{"line":80,"column":30},"end":{"line":83,"column":1}},"line":80},"14":{"name":"(anonymous_14)","decl":{"start":{"line":81,"column":26},"end":{"line":81,"column":27}},"loc":{"start":{"line":81,"column":34},"end":{"line":81,"column":56}},"line":81}},"branchMap":{},"s":{"0":1,"1":1,"2":1,"3":0,"4":0,"5":0,"6":1,"7":0,"8":0,"9":0,"10":0,"11":1,"12":0,"13":1,"14":0,"15":0,"16":1,"17":0,"18":0,"19":1,"20":0,"21":0,"22":1,"23":0,"24":0,"25":0,"26":1},"f":{"0":0,"1":0,"2":0,"3":0,"4":0,"5":0,"6":0,"7":0,"8":0,"9":0,"10":0,"11":0,"12":0,"13":0,"14":0},"b":{},"_coverageSchema":"1a1c01bbd47fc00a2c39e90264f33305004495a9","hash":"7b5c66184a1866ac073bfba9e1f54fbb2464813b"}
,"/Users/rujabhatta/webAPI/demos/controllers/categories_controller.js": {"path":"/Users/rujabhatta/webAPI/demos/controllers/categories_controller.js","statementMap":{"0":{"start":{"line":1,"column":15},"end":{"line":1,"column":44}},"1":{"start":{"line":4,"column":26},"end":{"line":9,"column":1}},"2":{"start":{"line":5,"column":4},"end":{"line":8,"column":16}},"3":{"start":{"line":7,"column":8},"end":{"line":7,"column":26}},"4":{"start":{"line":12,"column":21},"end":{"line":17,"column":1}},"5":{"start":{"line":13,"column":4},"end":{"line":15,"column":20}},"6":{"start":{"line":14,"column":25},"end":{"line":14,"column":55}},"7":{"start":{"line":19,"column":26},"end":{"line":24,"column":1}},"8":{"start":{"line":20,"column":4},"end":{"line":22,"column":16}},"9":{"start":{"line":21,"column":23},"end":{"line":21,"column":38}},"10":{"start":{"line":26,"column":24},"end":{"line":33,"column":1}},"11":{"start":{"line":27,"column":4},"end":{"line":31,"column":20}},"12":{"start":{"line":30,"column":8},"end":{"line":30,"column":26}},"13":{"start":{"line":37,"column":27},"end":{"line":44,"column":1}},"14":{"start":{"line":38,"column":4},"end":{"line":42,"column":20}},"15":{"start":{"line":41,"column":8},"end":{"line":41,"column":26}},"16":{"start":{"line":46,"column":27},"end":{"line":53,"column":1}},"17":{"start":{"line":47,"column":4},"end":{"line":50,"column":20}},"18":{"start":{"line":49,"column":8},"end":{"line":49,"column":26}},"19":{"start":{"line":57,"column":0},"end":{"line":66,"column":1}}},"fnMap":{"0":{"name":"(anonymous_0)","decl":{"start":{"line":4,"column":26},"end":{"line":4,"column":27}},"loc":{"start":{"line":4,"column":44},"end":{"line":9,"column":1}},"line":4},"1":{"name":"(anonymous_1)","decl":{"start":{"line":6,"column":10},"end":{"line":6,"column":11}},"loc":{"start":{"line":7,"column":8},"end":{"line":7,"column":26}},"line":7},"2":{"name":"(anonymous_2)","decl":{"start":{"line":12,"column":21},"end":{"line":12,"column":22}},"loc":{"start":{"line":12,"column":37},"end":{"line":17,"column":1}},"line":12},"3":{"name":"(anonymous_3)","decl":{"start":{"line":14,"column":14},"end":{"line":14,"column":15}},"loc":{"start":{"line":14,"column":25},"end":{"line":14,"column":55}},"line":14},"4":{"name":"(anonymous_4)","decl":{"start":{"line":19,"column":26},"end":{"line":19,"column":27}},"loc":{"start":{"line":19,"column":42},"end":{"line":24,"column":1}},"line":19},"5":{"name":"(anonymous_5)","decl":{"start":{"line":21,"column":14},"end":{"line":21,"column":15}},"loc":{"start":{"line":21,"column":23},"end":{"line":21,"column":38}},"line":21},"6":{"name":"(anonymous_6)","decl":{"start":{"line":26,"column":24},"end":{"line":26,"column":25}},"loc":{"start":{"line":26,"column":40},"end":{"line":33,"column":1}},"line":26},"7":{"name":"(anonymous_7)","decl":{"start":{"line":29,"column":10},"end":{"line":29,"column":11}},"loc":{"start":{"line":30,"column":8},"end":{"line":30,"column":26}},"line":30},"8":{"name":"(anonymous_8)","decl":{"start":{"line":37,"column":27},"end":{"line":37,"column":28}},"loc":{"start":{"line":37,"column":43},"end":{"line":44,"column":1}},"line":37},"9":{"name":"(anonymous_9)","decl":{"start":{"line":40,"column":10},"end":{"line":40,"column":11}},"loc":{"start":{"line":41,"column":8},"end":{"line":41,"column":26}},"line":41},"10":{"name":"(anonymous_10)","decl":{"start":{"line":46,"column":27},"end":{"line":46,"column":28}},"loc":{"start":{"line":46,"column":43},"end":{"line":53,"column":1}},"line":46},"11":{"name":"(anonymous_11)","decl":{"start":{"line":48,"column":10},"end":{"line":48,"column":11}},"loc":{"start":{"line":49,"column":8},"end":{"line":49,"column":26}},"line":49}},"branchMap":{},"s":{"0":1,"1":1,"2":0,"3":0,"4":1,"5":0,"6":0,"7":1,"8":0,"9":0,"10":1,"11":0,"12":0,"13":1,"14":0,"15":0,"16":1,"17":0,"18":0,"19":1},"f":{"0":0,"1":0,"2":0,"3":0,"4":0,"5":0,"6":0,"7":0,"8":0,"9":0,"10":0,"11":0},"b":{},"_coverageSchema":"1a1c01bbd47fc00a2c39e90264f33305004495a9","hash":"289048dd7e5b49020365a6ddf7db5d6fe92989e6"}
,"/Users/rujabhatta/webAPI/demos/controllers/reviews_controller.js": {"path":"/Users/rujabhatta/webAPI/demos/controllers/reviews_controller.js","statementMap":{"0":{"start":{"line":1,"column":11},"end":{"line":1,"column":36}},"1":{"start":{"line":2,"column":23},"end":{"line":8,"column":1}},"2":{"start":{"line":3,"column":4},"end":{"line":7,"column":18}},"3":{"start":{"line":6,"column":8},"end":{"line":6,"column":30}},"4":{"start":{"line":10,"column":20},"end":{"line":25,"column":1}},"5":{"start":{"line":11,"column":4},"end":{"line":23,"column":18}},"6":{"start":{"line":14,"column":8},"end":{"line":14,"column":29}},"7":{"start":{"line":15,"column":8},"end":{"line":15,"column":29}},"8":{"start":{"line":16,"column":19},"end":{"line":19,"column":9}},"9":{"start":{"line":20,"column":8},"end":{"line":20,"column":31}},"10":{"start":{"line":21,"column":8},"end":{"line":22,"column":58}},"11":{"start":{"line":22,"column":23},"end":{"line":22,"column":57}},"12":{"start":{"line":26,"column":23},"end":{"line":34,"column":1}},"13":{"start":{"line":27,"column":4},"end":{"line":32,"column":18}},"14":{"start":{"line":29,"column":8},"end":{"line":29,"column":23}},"15":{"start":{"line":30,"column":8},"end":{"line":31,"column":38}},"16":{"start":{"line":31,"column":18},"end":{"line":31,"column":37}},"17":{"start":{"line":35,"column":23},"end":{"line":41,"column":1}},"18":{"start":{"line":36,"column":4},"end":{"line":40,"column":18}},"19":{"start":{"line":38,"column":8},"end":{"line":38,"column":81}},"20":{"start":{"line":38,"column":49},"end":{"line":38,"column":80}},"21":{"start":{"line":39,"column":8},"end":{"line":39,"column":28}},"22":{"start":{"line":42,"column":23},"end":{"line":66,"column":1}},"23":{"start":{"line":43,"column":4},"end":{"line":64,"column":18}},"24":{"start":{"line":45,"column":20},"end":{"line":45,"column":57}},"25":{"start":{"line":46,"column":12},"end":{"line":50,"column":13}},"26":{"start":{"line":47,"column":16},"end":{"line":47,"column":31}},"27":{"start":{"line":48,"column":16},"end":{"line":48,"column":57}},"28":{"start":{"line":51,"column":33},"end":{"line":60,"column":10}},"29":{"start":{"line":52,"column":16},"end":{"line":57,"column":17}},"30":{"start":{"line":53,"column":20},"end":{"line":55,"column":21}},"31":{"start":{"line":54,"column":20},"end":{"line":54,"column":43}},"32":{"start":{"line":59,"column":12},"end":{"line":59,"column":23}},"33":{"start":{"line":61,"column":8},"end":{"line":61,"column":37}},"34":{"start":{"line":62,"column":8},"end":{"line":62,"column":49}},"35":{"start":{"line":62,"column":29},"end":{"line":62,"column":48}},"36":{"start":{"line":68,"column":23},"end":{"line":85,"column":1}},"37":{"start":{"line":69,"column":4},"end":{"line":83,"column":18}},"38":{"start":{"line":71,"column":20},"end":{"line":71,"column":57}},"39":{"start":{"line":72,"column":12},"end":{"line":76,"column":13}},"40":{"start":{"line":73,"column":16},"end":{"line":73,"column":31}},"41":{"start":{"line":74,"column":16},"end":{"line":74,"column":57}},"42":{"start":{"line":77,"column":21},"end":{"line":79,"column":10}},"43":{"start":{"line":78,"column":12},"end":{"line":78,"column":50}},"44":{"start":{"line":80,"column":8},"end":{"line":80,"column":28}},"45":{"start":{"line":81,"column":8},"end":{"line":82,"column":38}},"46":{"start":{"line":82,"column":18},"end":{"line":82,"column":37}},"47":{"start":{"line":88,"column":0},"end":{"line":95,"column":1}}},"fnMap":{"0":{"name":"(anonymous_0)","decl":{"start":{"line":2,"column":23},"end":{"line":2,"column":24}},"loc":{"start":{"line":2,"column":41},"end":{"line":8,"column":1}},"line":2},"1":{"name":"(anonymous_1)","decl":{"start":{"line":5,"column":10},"end":{"line":5,"column":11}},"loc":{"start":{"line":5,"column":18},"end":{"line":7,"column":5}},"line":5},"2":{"name":"(anonymous_2)","decl":{"start":{"line":10,"column":20},"end":{"line":10,"column":21}},"loc":{"start":{"line":10,"column":36},"end":{"line":25,"column":1}},"line":10},"3":{"name":"(anonymous_3)","decl":{"start":{"line":12,"column":10},"end":{"line":12,"column":11}},"loc":{"start":{"line":12,"column":18},"end":{"line":23,"column":5}},"line":12},"4":{"name":"(anonymous_4)","decl":{"start":{"line":22,"column":14},"end":{"line":22,"column":15}},"loc":{"start":{"line":22,"column":23},"end":{"line":22,"column":57}},"line":22},"5":{"name":"(anonymous_5)","decl":{"start":{"line":26,"column":23},"end":{"line":26,"column":24}},"loc":{"start":{"line":26,"column":39},"end":{"line":34,"column":1}},"line":26},"6":{"name":"(anonymous_6)","decl":{"start":{"line":28,"column":10},"end":{"line":28,"column":11}},"loc":{"start":{"line":28,"column":18},"end":{"line":32,"column":5}},"line":28},"7":{"name":"(anonymous_7)","decl":{"start":{"line":31,"column":14},"end":{"line":31,"column":15}},"loc":{"start":{"line":31,"column":18},"end":{"line":31,"column":37}},"line":31},"8":{"name":"(anonymous_8)","decl":{"start":{"line":35,"column":23},"end":{"line":35,"column":24}},"loc":{"start":{"line":35,"column":41},"end":{"line":41,"column":1}},"line":35},"9":{"name":"(anonymous_9)","decl":{"start":{"line":37,"column":10},"end":{"line":37,"column":11}},"loc":{"start":{"line":37,"column":18},"end":{"line":40,"column":5}},"line":37},"10":{"name":"(anonymous_10)","decl":{"start":{"line":38,"column":39},"end":{"line":38,"column":40}},"loc":{"start":{"line":38,"column":49},"end":{"line":38,"column":80}},"line":38},"11":{"name":"(anonymous_11)","decl":{"start":{"line":42,"column":23},"end":{"line":42,"column":24}},"loc":{"start":{"line":42,"column":39},"end":{"line":66,"column":1}},"line":42},"12":{"name":"(anonymous_12)","decl":{"start":{"line":44,"column":10},"end":{"line":44,"column":11}},"loc":{"start":{"line":44,"column":18},"end":{"line":64,"column":5}},"line":44},"13":{"name":"(anonymous_13)","decl":{"start":{"line":51,"column":50},"end":{"line":51,"column":51}},"loc":{"start":{"line":51,"column":58},"end":{"line":60,"column":9}},"line":51},"14":{"name":"(anonymous_14)","decl":{"start":{"line":62,"column":25},"end":{"line":62,"column":26}},"loc":{"start":{"line":62,"column":29},"end":{"line":62,"column":48}},"line":62},"15":{"name":"(anonymous_15)","decl":{"start":{"line":68,"column":23},"end":{"line":68,"column":24}},"loc":{"start":{"line":68,"column":39},"end":{"line":85,"column":1}},"line":68},"16":{"name":"(anonymous_16)","decl":{"start":{"line":70,"column":10},"end":{"line":70,"column":11}},"loc":{"start":{"line":70,"column":18},"end":{"line":83,"column":5}},"line":70},"17":{"name":"(anonymous_17)","decl":{"start":{"line":77,"column":41},"end":{"line":77,"column":42}},"loc":{"start":{"line":77,"column":49},"end":{"line":79,"column":9}},"line":77},"18":{"name":"(anonymous_18)","decl":{"start":{"line":82,"column":14},"end":{"line":82,"column":15}},"loc":{"start":{"line":82,"column":18},"end":{"line":82,"column":37}},"line":82}},"branchMap":{"0":{"loc":{"start":{"line":46,"column":12},"end":{"line":50,"column":13}},"type":"if","locations":[{"start":{"line":46,"column":12},"end":{"line":50,"column":13}},{"start":{},"end":{}}],"line":46},"1":{"loc":{"start":{"line":52,"column":16},"end":{"line":57,"column":17}},"type":"if","locations":[{"start":{"line":52,"column":16},"end":{"line":57,"column":17}},{"start":{},"end":{}}],"line":52},"2":{"loc":{"start":{"line":53,"column":20},"end":{"line":55,"column":21}},"type":"if","locations":[{"start":{"line":53,"column":20},"end":{"line":55,"column":21}},{"start":{},"end":{}}],"line":53},"3":{"loc":{"start":{"line":72,"column":12},"end":{"line":76,"column":13}},"type":"if","locations":[{"start":{"line":72,"column":12},"end":{"line":76,"column":13}},{"start":{},"end":{}}],"line":72}},"s":{"0":1,"1":1,"2":0,"3":0,"4":1,"5":0,"6":0,"7":0,"8":0,"9":0,"10":0,"11":0,"12":1,"13":0,"14":0,"15":0,"16":0,"17":1,"18":0,"19":0,"20":0,"21":0,"22":1,"23":0,"24":0,"25":0,"26":0,"27":0,"28":0,"29":0,"30":0,"31":0,"32":0,"33":0,"34":0,"35":0,"36":1,"37":0,"38":0,"39":0,"40":0,"41":0,"42":0,"43":0,"44":0,"45":0,"46":0,"47":1},"f":{"0":0,"1":0,"2":0,"3":0,"4":0,"5":0,"6":0,"7":0,"8":0,"9":0,"10":0,"11":0,"12":0,"13":0,"14":0,"15":0,"16":0,"17":0,"18":0},"b":{"0":[0,0],"1":[0,0],"2":[0,0],"3":[0,0]},"_coverageSchema":"1a1c01bbd47fc00a2c39e90264f33305004495a9","hash":"d360785ab7c379f98d54f55757707527e82f0960"}
,"/Users/rujabhatta/webAPI/demos/example/example.js": {"path":"/Users/rujabhatta/webAPI/demos/example/example.js","statementMap":{"0":{"start":{"line":2,"column":4},"end":{"line":2,"column":46}},"1":{"start":{"line":6,"column":4},"end":{"line":6,"column":14}},"2":{"start":{"line":9,"column":0},"end":{"line":9,"column":29}}},"fnMap":{"0":{"name":"reverse","decl":{"start":{"line":1,"column":9},"end":{"line":1,"column":16}},"loc":{"start":{"line":1,"column":24},"end":{"line":3,"column":1}},"line":1},"1":{"name":"sum","decl":{"start":{"line":5,"column":9},"end":{"line":5,"column":12}},"loc":{"start":{"line":5,"column":18},"end":{"line":7,"column":1}},"line":5}},"branchMap":{},"s":{"0":3,"1":0,"2":1},"f":{"0":3,"1":0},"b":{},"_coverageSchema":"1a1c01bbd47fc00a2c39e90264f33305004495a9","hash":"aeb1bf2ec0135d5ffd5075c6146fd45f1fd9f459"}
,"/Users/rujabhatta/webAPI/demos/middleware/auth.js": {"path":"/Users/rujabhatta/webAPI/demos/middleware/auth.js","statementMap":{"0":{"start":{"line":1,"column":12},"end":{"line":1,"column":35}},"1":{"start":{"line":4,"column":17},"end":{"line":22,"column":1}},"2":{"start":{"line":5,"column":4},"end":{"line":9,"column":5}},"3":{"start":{"line":6,"column":18},"end":{"line":6,"column":61}},"4":{"start":{"line":7,"column":8},"end":{"line":7,"column":23}},"5":{"start":{"line":8,"column":8},"end":{"line":8,"column":24}},"6":{"start":{"line":10,"column":4},"end":{"line":10,"column":49}},"7":{"start":{"line":11,"column":4},"end":{"line":20,"column":6}},"8":{"start":{"line":12,"column":8},"end":{"line":12,"column":33}},"9":{"start":{"line":12,"column":17},"end":{"line":12,"column":33}},"10":{"start":{"line":15,"column":8},"end":{"line":15,"column":24}},"11":{"start":{"line":16,"column":16},"end":{"line":16,"column":36}},"12":{"start":{"line":18,"column":8},"end":{"line":18,"column":14}},"13":{"start":{"line":24,"column":20},"end":{"line":32,"column":1}},"14":{"start":{"line":25,"column":4},"end":{"line":29,"column":9}},"15":{"start":{"line":26,"column":22},"end":{"line":26,"column":57}},"16":{"start":{"line":27,"column":12},"end":{"line":27,"column":27}},"17":{"start":{"line":28,"column":12},"end":{"line":28,"column":28}},"18":{"start":{"line":31,"column":8},"end":{"line":31,"column":14}},"19":{"start":{"line":33,"column":20},"end":{"line":39,"column":1}},"20":{"start":{"line":34,"column":4},"end":{"line":36,"column":5}},"21":{"start":{"line":35,"column":8},"end":{"line":35,"column":21}},"22":{"start":{"line":37,"column":4},"end":{"line":37,"column":19}},"23":{"start":{"line":38,"column":4},"end":{"line":38,"column":37}},"24":{"start":{"line":41,"column":0},"end":{"line":44,"column":1}}},"fnMap":{"0":{"name":"(anonymous_0)","decl":{"start":{"line":4,"column":17},"end":{"line":4,"column":18}},"loc":{"start":{"line":4,"column":35},"end":{"line":22,"column":1}},"line":4},"1":{"name":"(anonymous_1)","decl":{"start":{"line":11,"column":42},"end":{"line":11,"column":43}},"loc":{"start":{"line":11,"column":60},"end":{"line":20,"column":5}},"line":11},"2":{"name":"(anonymous_2)","decl":{"start":{"line":24,"column":20},"end":{"line":24,"column":21}},"loc":{"start":{"line":24,"column":38},"end":{"line":32,"column":1}},"line":24},"3":{"name":"(anonymous_3)","decl":{"start":{"line":33,"column":20},"end":{"line":33,"column":21}},"loc":{"start":{"line":33,"column":36},"end":{"line":39,"column":1}},"line":33}},"branchMap":{"0":{"loc":{"start":{"line":5,"column":4},"end":{"line":9,"column":5}},"type":"if","locations":[{"start":{"line":5,"column":4},"end":{"line":9,"column":5}},{"start":{},"end":{}}],"line":5},"1":{"loc":{"start":{"line":12,"column":8},"end":{"line":12,"column":33}},"type":"if","locations":[{"start":{"line":12,"column":8},"end":{"line":12,"column":33}},{"start":{},"end":{}}],"line":12},"2":{"loc":{"start":{"line":25,"column":4},"end":{"line":29,"column":9}},"type":"if","locations":[{"start":{"line":25,"column":4},"end":{"line":29,"column":9}},{"start":{},"end":{}}],"line":25},"3":{"loc":{"start":{"line":34,"column":4},"end":{"line":36,"column":5}},"type":"if","locations":[{"start":{"line":34,"column":4},"end":{"line":36,"column":5}},{"start":{},"end":{}}],"line":34},"4":{"loc":{"start":{"line":34,"column":7},"end":{"line":34,"column":56}},"type":"binary-expr","locations":[{"start":{"line":34,"column":7},"end":{"line":34,"column":31}},{"start":{"line":34,"column":34},"end":{"line":34,"column":56}}],"line":34}},"s":{"0":1,"1":1,"2":0,"3":0,"4":0,"5":0,"6":0,"7":0,"8":0,"9":0,"10":0,"11":0,"12":0,"13":1,"14":0,"15":0,"16":0,"17":0,"18":0,"19":1,"20":0,"21":0,"22":0,"23":0,"24":1},"f":{"0":0,"1":0,"2":0,"3":0},"b":{"0":[0,0],"1":[0,0],"2":[0,0],"3":[0,0],"4":[0,0]},"_coverageSchema":"1a1c01bbd47fc00a2c39e90264f33305004495a9","hash":"fd50eaec8b44af5effb650ada97b59fb982eac16"}
,"/Users/rujabhatta/webAPI/demos/middleware/upload.js": {"path":"/Users/rujabhatta/webAPI/demos/middleware/upload.js","statementMap":{"0":{"start":{"line":1,"column":15},"end":{"line":1,"column":32}},"1":{"start":{"line":2,"column":13},"end":{"line":2,"column":28}},"2":{"start":{"line":4,"column":17},"end":{"line":13,"column":2}},"3":{"start":{"line":6,"column":8},"end":{"line":6,"column":29}},"4":{"start":{"line":9,"column":18},"end":{"line":9,"column":49}},"5":{"start":{"line":10,"column":8},"end":{"line":10,"column":57}},"6":{"start":{"line":14,"column":23},"end":{"line":19,"column":1}},"7":{"start":{"line":15,"column":4},"end":{"line":17,"column":5}},"8":{"start":{"line":16,"column":8},"end":{"line":16,"column":64}},"9":{"start":{"line":18,"column":4},"end":{"line":18,"column":18}},"10":{"start":{"line":20,"column":15},"end":{"line":24,"column":2}},"11":{"start":{"line":27,"column":0},"end":{"line":27,"column":21}}},"fnMap":{"0":{"name":"(anonymous_0)","decl":{"start":{"line":5,"column":17},"end":{"line":5,"column":18}},"loc":{"start":{"line":5,"column":34},"end":{"line":7,"column":5}},"line":5},"1":{"name":"(anonymous_1)","decl":{"start":{"line":8,"column":14},"end":{"line":8,"column":15}},"loc":{"start":{"line":8,"column":32},"end":{"line":12,"column":5}},"line":8},"2":{"name":"(anonymous_2)","decl":{"start":{"line":14,"column":23},"end":{"line":14,"column":24}},"loc":{"start":{"line":14,"column":38},"end":{"line":19,"column":1}},"line":14}},"branchMap":{"0":{"loc":{"start":{"line":15,"column":4},"end":{"line":17,"column":5}},"type":"if","locations":[{"start":{"line":15,"column":4},"end":{"line":17,"column":5}},{"start":{},"end":{}}],"line":15}},"s":{"0":1,"1":1,"2":1,"3":0,"4":0,"5":0,"6":1,"7":0,"8":0,"9":0,"10":1,"11":1},"f":{"0":0,"1":0,"2":0},"b":{"0":[0,0]},"_coverageSchema":"1a1c01bbd47fc00a2c39e90264f33305004495a9","hash":"04a6b774cfc356bf5a71403412edc9d60d2efac1"}
,"/Users/rujabhatta/webAPI/demos/models/Book.js": {"path":"/Users/rujabhatta/webAPI/demos/models/Book.js","statementMap":{"0":{"start":{"line":1,"column":16},"end":{"line":1,"column":35}},"1":{"start":{"line":2,"column":20},"end":{"line":16,"column":2}},"2":{"start":{"line":18,"column":22},"end":{"line":32,"column":21}},"3":{"start":{"line":35,"column":0},"end":{"line":35,"column":48}}},"fnMap":{},"branchMap":{},"s":{"0":1,"1":1,"2":1,"3":1},"f":{},"b":{},"_coverageSchema":"1a1c01bbd47fc00a2c39e90264f33305004495a9","hash":"df951e398dc7c1b3ee695b890cb7ac92cb487656"}
,"/Users/rujabhatta/webAPI/demos/models/Category.js": {"path":"/Users/rujabhatta/webAPI/demos/models/Category.js","statementMap":{"0":{"start":{"line":1,"column":17},"end":{"line":1,"column":36}},"1":{"start":{"line":3,"column":23},"end":{"line":15,"column":2}},"2":{"start":{"line":16,"column":0},"end":{"line":16,"column":59}}},"fnMap":{},"branchMap":{},"s":{"0":1,"1":1,"2":1},"f":{},"b":{},"_coverageSchema":"1a1c01bbd47fc00a2c39e90264f33305004495a9","hash":"1b6fb06ff5b9af644271b2b19fdf20c1a5a719c1"}
,"/Users/rujabhatta/webAPI/demos/models/Profile.js": {"path":"/Users/rujabhatta/webAPI/demos/models/Profile.js","statementMap":{"0":{"start":{"line":1,"column":17},"end":{"line":1,"column":36}},"1":{"start":{"line":3,"column":22},"end":{"line":23,"column":21}},"2":{"start":{"line":24,"column":0},"end":{"line":24,"column":54}}},"fnMap":{},"branchMap":{},"s":{"0":1,"1":1,"2":1},"f":{},"b":{},"_coverageSchema":"1a1c01bbd47fc00a2c39e90264f33305004495a9","hash":"152f895997c5a50011ec07d8ec7a05d57cafaa9b"}
,"/Users/rujabhatta/webAPI/demos/models/User.js": {"path":"/Users/rujabhatta/webAPI/demos/models/User.js","statementMap":{"0":{"start":{"line":1,"column":17},"end":{"line":1,"column":36}},"1":{"start":{"line":3,"column":19},"end":{"line":19,"column":22}},"2":{"start":{"line":21,"column":0},"end":{"line":21,"column":49}}},"fnMap":{},"branchMap":{},"s":{"0":1,"1":1,"2":1},"f":{},"b":{},"_coverageSchema":"1a1c01bbd47fc00a2c39e90264f33305004495a9","hash":"f03986725f3ddc29d51f611465c2d907bc3fef54"}
,"/Users/rujabhatta/webAPI/demos/routes/books-routes.js": {"path":"/Users/rujabhatta/webAPI/demos/routes/books-routes.js","statementMap":{"0":{"start":{"line":1,"column":20},"end":{"line":1,"column":38}},"1":{"start":{"line":2,"column":15},"end":{"line":2,"column":33}},"2":{"start":{"line":3,"column":14},"end":{"line":3,"column":30}},"3":{"start":{"line":4,"column":21},"end":{"line":4,"column":63}},"4":{"start":{"line":5,"column":24},"end":{"line":5,"column":68}},"5":{"start":{"line":6,"column":36},"end":{"line":6,"column":65}},"6":{"start":{"line":8,"column":0},"end":{"line":12,"column":51}},"7":{"start":{"line":11,"column":21},"end":{"line":11,"column":70}},"8":{"start":{"line":15,"column":0},"end":{"line":21,"column":6}},"9":{"start":{"line":20,"column":8},"end":{"line":20,"column":57}},"10":{"start":{"line":22,"column":0},"end":{"line":26,"column":13}},"11":{"start":{"line":25,"column":21},"end":{"line":25,"column":70}},"12":{"start":{"line":28,"column":0},"end":{"line":32,"column":47}},"13":{"start":{"line":31,"column":22},"end":{"line":31,"column":71}},"14":{"start":{"line":34,"column":0},"end":{"line":34,"column":21}}},"fnMap":{"0":{"name":"(anonymous_0)","decl":{"start":{"line":11,"column":9},"end":{"line":11,"column":10}},"loc":{"start":{"line":11,"column":21},"end":{"line":11,"column":70}},"line":11},"1":{"name":"(anonymous_1)","decl":{"start":{"line":19,"column":10},"end":{"line":19,"column":11}},"loc":{"start":{"line":19,"column":21},"end":{"line":21,"column":5}},"line":19},"2":{"name":"(anonymous_2)","decl":{"start":{"line":25,"column":9},"end":{"line":25,"column":10}},"loc":{"start":{"line":25,"column":21},"end":{"line":25,"column":70}},"line":25},"3":{"name":"(anonymous_3)","decl":{"start":{"line":31,"column":10},"end":{"line":31,"column":11}},"loc":{"start":{"line":31,"column":22},"end":{"line":31,"column":71}},"line":31}},"branchMap":{},"s":{"0":1,"1":1,"2":1,"3":1,"4":1,"5":1,"6":1,"7":0,"8":1,"9":0,"10":1,"11":0,"12":1,"13":0,"14":1},"f":{"0":0,"1":0,"2":0,"3":0},"b":{},"_coverageSchema":"1a1c01bbd47fc00a2c39e90264f33305004495a9","hash":"92c8177a4830234b1f35ca62b1c57205c57d9c56"}
,"/Users/rujabhatta/webAPI/demos/routes/category-routes.js": {"path":"/Users/rujabhatta/webAPI/demos/routes/category-routes.js","statementMap":{"0":{"start":{"line":2,"column":15},"end":{"line":2,"column":33}},"1":{"start":{"line":4,"column":14},"end":{"line":4,"column":30}},"2":{"start":{"line":5,"column":25},"end":{"line":5,"column":72}},"3":{"start":{"line":7,"column":0},"end":{"line":11,"column":51}},"4":{"start":{"line":10,"column":21},"end":{"line":10,"column":70}},"5":{"start":{"line":13,"column":0},"end":{"line":17,"column":50}},"6":{"start":{"line":15,"column":22},"end":{"line":15,"column":71}},"7":{"start":{"line":19,"column":0},"end":{"line":19,"column":21}}},"fnMap":{"0":{"name":"(anonymous_0)","decl":{"start":{"line":10,"column":9},"end":{"line":10,"column":10}},"loc":{"start":{"line":10,"column":21},"end":{"line":10,"column":70}},"line":10},"1":{"name":"(anonymous_1)","decl":{"start":{"line":15,"column":10},"end":{"line":15,"column":11}},"loc":{"start":{"line":15,"column":22},"end":{"line":15,"column":71}},"line":15}},"branchMap":{},"s":{"0":1,"1":1,"2":1,"3":1,"4":0,"5":1,"6":0,"7":1},"f":{"0":0,"1":0},"b":{},"_coverageSchema":"1a1c01bbd47fc00a2c39e90264f33305004495a9","hash":"119bb8bb3db8bcbc47161c8d10e424192aa83032"}
,"/Users/rujabhatta/webAPI/demos/routes/profile-routes.js": {"path":"/Users/rujabhatta/webAPI/demos/routes/profile-routes.js","statementMap":{"0":{"start":{"line":1,"column":16},"end":{"line":1,"column":34}},"1":{"start":{"line":2,"column":15},"end":{"line":2,"column":46}},"2":{"start":{"line":3,"column":16},"end":{"line":3,"column":44}},"3":{"start":{"line":4,"column":15},"end":{"line":4,"column":31}},"4":{"start":{"line":6,"column":0},"end":{"line":27,"column":7}},"5":{"start":{"line":8,"column":9},"end":{"line":11,"column":23}},"6":{"start":{"line":10,"column":13},"end":{"line":10,"column":31}},"7":{"start":{"line":14,"column":9},"end":{"line":14,"column":30}},"8":{"start":{"line":15,"column":9},"end":{"line":15,"column":30}},"9":{"start":{"line":17,"column":23},"end":{"line":21,"column":10}},"10":{"start":{"line":22,"column":9},"end":{"line":25,"column":23}},"11":{"start":{"line":24,"column":13},"end":{"line":24,"column":42}},"12":{"start":{"line":28,"column":0},"end":{"line":28,"column":21}}},"fnMap":{"0":{"name":"(anonymous_0)","decl":{"start":{"line":7,"column":10},"end":{"line":7,"column":11}},"loc":{"start":{"line":7,"column":28},"end":{"line":12,"column":6}},"line":7},"1":{"name":"(anonymous_1)","decl":{"start":{"line":9,"column":15},"end":{"line":9,"column":16}},"loc":{"start":{"line":9,"column":26},"end":{"line":11,"column":10}},"line":9},"2":{"name":"(anonymous_2)","decl":{"start":{"line":13,"column":36},"end":{"line":13,"column":37}},"loc":{"start":{"line":13,"column":54},"end":{"line":27,"column":6}},"line":13},"3":{"name":"(anonymous_3)","decl":{"start":{"line":23,"column":15},"end":{"line":23,"column":16}},"loc":{"start":{"line":23,"column":25},"end":{"line":25,"column":10}},"line":23}},"branchMap":{},"s":{"0":1,"1":1,"2":1,"3":1,"4":1,"5":0,"6":0,"7":0,"8":0,"9":0,"10":0,"11":0,"12":1},"f":{"0":0,"1":0,"2":0,"3":0},"b":{},"_coverageSchema":"1a1c01bbd47fc00a2c39e90264f33305004495a9","hash":"16ae73b9ba03f6c32f7314fd5352e122bf05e241"}
,"/Users/rujabhatta/webAPI/demos/routes/user-routes.js": {"path":"/Users/rujabhatta/webAPI/demos/routes/user-routes.js","statementMap":{"0":{"start":{"line":1,"column":20},"end":{"line":1,"column":38}},"1":{"start":{"line":2,"column":16},"end":{"line":2,"column":34}},"2":{"start":{"line":4,"column":15},"end":{"line":4,"column":31}},"3":{"start":{"line":5,"column":15},"end":{"line":5,"column":34}},"4":{"start":{"line":6,"column":12},"end":{"line":6,"column":35}},"5":{"start":{"line":7,"column":11},"end":{"line":7,"column":36}},"6":{"start":{"line":11,"column":0},"end":{"line":37,"column":2}},"7":{"start":{"line":12,"column":4},"end":{"line":35,"column":18}},"8":{"start":{"line":14,"column":8},"end":{"line":19,"column":9}},"9":{"start":{"line":16,"column":22},"end":{"line":16,"column":75}},"10":{"start":{"line":17,"column":12},"end":{"line":17,"column":27}},"11":{"start":{"line":18,"column":12},"end":{"line":18,"column":28}},"12":{"start":{"line":20,"column":12},"end":{"line":34,"column":15}},"13":{"start":{"line":21,"column":16},"end":{"line":21,"column":40}},"14":{"start":{"line":21,"column":24},"end":{"line":21,"column":40}},"15":{"start":{"line":22,"column":27},"end":{"line":22,"column":37}},"16":{"start":{"line":23,"column":16},"end":{"line":23,"column":49}},"17":{"start":{"line":24,"column":16},"end":{"line":24,"column":36}},"18":{"start":{"line":25,"column":16},"end":{"line":25,"column":56}},"19":{"start":{"line":25,"column":33},"end":{"line":25,"column":56}},"20":{"start":{"line":26,"column":16},"end":{"line":33,"column":30}},"21":{"start":{"line":27,"column":20},"end":{"line":32,"column":22}},"22":{"start":{"line":40,"column":0},"end":{"line":76,"column":2}},"23":{"start":{"line":41,"column":4},"end":{"line":74,"column":18}},"24":{"start":{"line":43,"column":8},"end":{"line":47,"column":9}},"25":{"start":{"line":44,"column":22},"end":{"line":44,"column":78}},"26":{"start":{"line":45,"column":12},"end":{"line":45,"column":27}},"27":{"start":{"line":46,"column":12},"end":{"line":46,"column":28}},"28":{"start":{"line":48,"column":8},"end":{"line":73,"column":10}},"29":{"start":{"line":50,"column":16},"end":{"line":50,"column":41}},"30":{"start":{"line":50,"column":25},"end":{"line":50,"column":41}},"31":{"start":{"line":51,"column":16},"end":{"line":55,"column":17}},"32":{"start":{"line":52,"column":28},"end":{"line":52,"column":64}},"33":{"start":{"line":53,"column":20},"end":{"line":53,"column":35}},"34":{"start":{"line":54,"column":24},"end":{"line":54,"column":40}},"35":{"start":{"line":57,"column":27},"end":{"line":62,"column":17}},"36":{"start":{"line":63,"column":16},"end":{"line":71,"column":22}},"37":{"start":{"line":65,"column":24},"end":{"line":65,"column":48}},"38":{"start":{"line":65,"column":32},"end":{"line":65,"column":48}},"39":{"start":{"line":66,"column":24},"end":{"line":69,"column":26}},"40":{"start":{"line":77,"column":0},"end":{"line":77,"column":23}}},"fnMap":{"0":{"name":"(anonymous_0)","decl":{"start":{"line":11,"column":25},"end":{"line":11,"column":26}},"loc":{"start":{"line":11,"column":43},"end":{"line":37,"column":1}},"line":11},"1":{"name":"(anonymous_1)","decl":{"start":{"line":13,"column":10},"end":{"line":13,"column":11}},"loc":{"start":{"line":13,"column":18},"end":{"line":35,"column":5}},"line":13},"2":{"name":"(anonymous_2)","decl":{"start":{"line":20,"column":47},"end":{"line":20,"column":48}},"loc":{"start":{"line":20,"column":60},"end":{"line":34,"column":13}},"line":20},"3":{"name":"(anonymous_3)","decl":{"start":{"line":26,"column":33},"end":{"line":26,"column":34}},"loc":{"start":{"line":26,"column":41},"end":{"line":33,"column":17}},"line":26},"4":{"name":"(anonymous_4)","decl":{"start":{"line":40,"column":22},"end":{"line":40,"column":23}},"loc":{"start":{"line":40,"column":40},"end":{"line":76,"column":1}},"line":40},"5":{"name":"(anonymous_5)","decl":{"start":{"line":42,"column":10},"end":{"line":42,"column":11}},"loc":{"start":{"line":42,"column":16},"end":{"line":74,"column":5}},"line":42},"6":{"name":"(anonymous_6)","decl":{"start":{"line":49,"column":12},"end":{"line":49,"column":13}},"loc":{"start":{"line":49,"column":27},"end":{"line":73,"column":9}},"line":49},"7":{"name":"(anonymous_7)","decl":{"start":{"line":64,"column":42},"end":{"line":64,"column":43}},"loc":{"start":{"line":64,"column":56},"end":{"line":71,"column":21}},"line":64}},"branchMap":{"0":{"loc":{"start":{"line":14,"column":8},"end":{"line":19,"column":9}},"type":"if","locations":[{"start":{"line":14,"column":8},"end":{"line":19,"column":9}},{"start":{},"end":{}}],"line":14},"1":{"loc":{"start":{"line":21,"column":16},"end":{"line":21,"column":40}},"type":"if","locations":[{"start":{"line":21,"column":16},"end":{"line":21,"column":40}},{"start":{},"end":{}}],"line":21},"2":{"loc":{"start":{"line":25,"column":16},"end":{"line":25,"column":56}},"type":"if","locations":[{"start":{"line":25,"column":16},"end":{"line":25,"column":56}},{"start":{},"end":{}}],"line":25},"3":{"loc":{"start":{"line":43,"column":8},"end":{"line":47,"column":9}},"type":"if","locations":[{"start":{"line":43,"column":8},"end":{"line":47,"column":9}},{"start":{},"end":{}}],"line":43},"4":{"loc":{"start":{"line":50,"column":16},"end":{"line":50,"column":41}},"type":"if","locations":[{"start":{"line":50,"column":16},"end":{"line":50,"column":41}},{"start":{},"end":{}}],"line":50},"5":{"loc":{"start":{"line":51,"column":16},"end":{"line":55,"column":17}},"type":"if","locations":[{"start":{"line":51,"column":16},"end":{"line":55,"column":17}},{"start":{},"end":{}}],"line":51},"6":{"loc":{"start":{"line":65,"column":24},"end":{"line":65,"column":48}},"type":"if","locations":[{"start":{"line":65,"column":24},"end":{"line":65,"column":48}},{"start":{},"end":{}}],"line":65}},"s":{"0":1,"1":1,"2":1,"3":1,"4":1,"5":1,"6":1,"7":1,"8":1,"9":0,"10":0,"11":0,"12":1,"13":1,"14":0,"15":1,"16":1,"17":1,"18":1,"19":0,"20":1,"21":1,"22":1,"23":1,"24":1,"25":0,"26":0,"27":0,"28":1,"29":1,"30":0,"31":1,"32":0,"33":0,"34":0,"35":1,"36":1,"37":1,"38":0,"39":1,"40":1},"f":{"0":1,"1":1,"2":1,"3":1,"4":1,"5":1,"6":1,"7":1},"b":{"0":[0,1],"1":[0,1],"2":[0,1],"3":[0,1],"4":[0,1],"5":[0,1],"6":[0,1]},"_coverageSchema":"1a1c01bbd47fc00a2c39e90264f33305004495a9","hash":"62ee0645ca846a0bb14bb5e4d84f86f460e6d3ca"}
}
